This file contains any messages produced by compilers while
running configure, to aid debugging if configure makes a mistake.

It was created by configure, which was
generated by GNU Autoconf 2.68.  Invocation command line was

  $ ./configure --prefix=/home/afm/Projects/Astro/camera2/root CXXFLAGS=-fuse-cxa-atexit --no-create --no-recursion

## --------- ##
## Platform. ##
## --------- ##

hostname = titus
uname -m = x86_64
uname -r = 3.1.10-1.16-desktop
uname -s = Linux
uname -v = #1 SMP PREEMPT Wed Jun 27 05:21:40 UTC 2012 (d016078)

/usr/bin/uname -p = unknown
/bin/uname -X     = unknown

/bin/arch              = x86_64
/usr/bin/arch -k       = unknown
/usr/convex/getsysinfo = unknown
/usr/bin/hostinfo      = unknown
/bin/machine           = unknown
/usr/bin/oslevel       = unknown
/bin/universe          = unknown

PATH: /usr/lib64/mpi/gcc/openmpi/bin
PATH: /usr/local/bin
PATH: /usr/bin
PATH: /bin
PATH: /usr/X11R6/bin
PATH: /usr/games
PATH: /usr/lib/mit/bin
PATH: /usr/lib/mit/sbin


## ----------- ##
## Core tests. ##
## ----------- ##

configure:2214: loading site script /usr/share/site/x86_64-unknown-linux-gnu
| #!/bin/sh
| # Site script for configure. It is resourced via $CONFIG_SITE environment varaible.
| 
| # If user did not specify libdir, guess the correct target:
| # Use lib64 for 64 bit bi-arch targets, keep the default for the rest.
| if test "$libdir" = '${exec_prefix}/lib' ; then
| 
| 	ac_config_site_64bit_host=NONE
| 
| 	case "$host" in
| 	"" )
| 		# User did not specify host target.
| 		# The native platform x86_64 is a bi-arch platform.
| 		# Try to detect cross-compilation to inferior architecture.
| 
| 		# We are trying to guess 32-bit target compilation. It's not as easy as
| 		# it sounds, as there is possible several intermediate combinations.
| 		ac_config_site_cross_to_32bit_host=NONE
| 
| 		# User defined -m32 in CFLAGS or CXXFLAGS:
| 		# (It's sufficient for 32-bit, but alone may cause mis-behavior of some checks.)
| 		case "$CFLAGS" in
| 		*-m32*)
| 			ac_config_site_cross_to_32bit_host=YES
| 			;;
| 		esac
| 		case "$CXXFLAGS" in
| 		*-m32*)
| 			ac_config_site_cross_to_32bit_host=YES
| 			;;
| 		esac
| 
| 		# Running with linux32:
| 		# (Changes detected platform, but not the toolchain target.)
| 		case "`/bin/uname -i`" in
| 		x86_64 | ppc64 | s390x )
| 			;;
| 		* )
| 			ac_config_site_cross_to_32bit_host=YES
| 			;;
| 		esac
| 
| 		if test "x$ac_config_site_cross_to_32bit_host" = xNONE; then
| 			ac_config_site_64bit_host=YES
| 		fi
| 
| 		;;
| 	*x86_64* | *ppc64* | *s390x* )
| 		ac_config_site_64bit_host=YES
| 		;;
| 	esac
| 
| 	if test "x$ac_config_site_64bit_host" = xYES; then
| 		libdir='${exec_prefix}/lib64'
| 	fi
| fi
| 
| # If user did not specify libexecdir, set the correct target:
| # Nor FHS nor openSUSE allow prefix/libexec. Let's default to prefix/lib.
| 
| if test "$libexecdir" = '${exec_prefix}/libexec' ; then
| 	libexecdir='${exec_prefix}/lib'
| fi
| 
| # Continue with the standard behavior of configure defined in AC_SITE_LOAD:
| if test "x$prefix" != xNONE; then
| 	ac_site_file1=$prefix/share/config.site
| 	ac_site_file2=$prefix/etc/config.site
| else
| 	ac_site_file1=$ac_default_prefix/share/config.site
| 	ac_site_file2=$ac_default_prefix/etc/config.site
| fi
| for ac_site_file in "$ac_site_file1" "$ac_site_file2"
| do
| 	test "x$ac_site_file" = xNONE && continue
| 	if test /dev/null != "$ac_site_file" && test -r "$ac_site_file"; then
| 		{ $as_echo "/usr/share/site/x86_64-unknown-linux-gnu:${as_lineno-$LINENO}: loading site script $ac_site_file" >&5
| $as_echo "/usr/share/site/x86_64-unknown-linux-gnu: loading site script $ac_site_file" >&6;}
| 		sed 's/^/| /' "$ac_site_file" >&5
| 		. "$ac_site_file" \
| 			|| { { $as_echo "/usr/share/site/x86_64-unknown-linux-gnu:${as_lineno-$LINENO}: error: in \`$ac_pwd':" >&5
| $as_echo "/usr/share/site/x86_64-unknown-linux-gnu: error: in \`$ac_pwd':" >&2;}
| as_fn_error $? "failed to load site script $ac_site_file
| See \`config.log' for more details" "$LINENO" 5; }
| 	fi
| done
configure:2368: checking build system type
configure:2382: result: x86_64-suse-linux-gnu
configure:2402: checking host system type
configure:2415: result: x86_64-suse-linux-gnu
configure:2456: checking how to print strings
configure:2483: result: printf
configure:2552: checking for gcc
configure:2568: found /usr/bin/gcc
configure:2579: result: gcc
configure:2808: checking for C compiler version
configure:2817: gcc --version >&5
gcc (SUSE Linux) 4.6.2
Copyright (C) 2011 Free Software Foundation, Inc.
This is free software; see the source for copying conditions.  There is NO
warranty; not even for MERCHANTABILITY or FITNESS FOR A PARTICULAR PURPOSE.

configure:2828: $? = 0
configure:2817: gcc -v >&5
Using built-in specs.
COLLECT_GCC=gcc
COLLECT_LTO_WRAPPER=/usr/lib64/gcc/x86_64-suse-linux/4.6/lto-wrapper
Target: x86_64-suse-linux
Configured with: ../configure --prefix=/usr --infodir=/usr/share/info --mandir=/usr/share/man --libdir=/usr/lib64 --libexecdir=/usr/lib64 --enable-languages=c,c++,objc,fortran,obj-c++,java,ada --enable-checking=release --with-gxx-include-dir=/usr/include/c++/4.6 --enable-ssp --disable-libssp --disable-plugin --with-bugurl=http://bugs.opensuse.org/ --with-pkgversion='SUSE Linux' --disable-libgcj --disable-libmudflap --with-slibdir=/lib64 --with-system-zlib --enable-__cxa_atexit --enable-libstdcxx-allocator=new --disable-libstdcxx-pch --enable-version-specific-runtime-libs --program-suffix=-4.6 --enable-linux-futex --without-system-libunwind --with-arch-32=i586 --with-tune=generic --build=x86_64-suse-linux
Thread model: posix
gcc version 4.6.2 (SUSE Linux) 
configure:2828: $? = 0
configure:2817: gcc -V >&5
gcc: error: unrecognized option '-V'
gcc: fatal error: no input files
compilation terminated.
configure:2828: $? = 1
configure:2817: gcc -qversion >&5
gcc: error: unrecognized option '-qversion'
gcc: fatal error: no input files
compilation terminated.
configure:2828: $? = 1
configure:2848: checking whether the C compiler works
configure:2870: gcc    conftest.c  >&5
configure:2874: $? = 0
configure:2922: result: yes
configure:2925: checking for C compiler default output file name
configure:2927: result: a.out
configure:2933: checking for suffix of executables
configure:2940: gcc -o conftest    conftest.c  >&5
configure:2944: $? = 0
configure:2966: result: 
configure:2988: checking whether we are cross compiling
configure:2996: gcc -o conftest    conftest.c  >&5
configure:3000: $? = 0
configure:3007: ./conftest
configure:3011: $? = 0
configure:3026: result: no
configure:3031: checking for suffix of object files
configure:3053: gcc -c   conftest.c >&5
configure:3057: $? = 0
configure:3078: result: o
configure:3082: checking whether we are using the GNU C compiler
configure:3101: gcc -c   conftest.c >&5
configure:3101: $? = 0
configure:3110: result: yes
configure:3119: checking whether gcc accepts -g
configure:3139: gcc -c -g  conftest.c >&5
configure:3139: $? = 0
configure:3180: result: yes
configure:3197: checking for gcc option to accept ISO C89
configure:3261: gcc  -c -g -O2  conftest.c >&5
configure:3261: $? = 0
configure:3274: result: none needed
configure:3294: checking for a sed that does not truncate output
configure:3358: result: /usr/bin/sed
configure:3376: checking for grep that handles long lines and -e
configure:3434: result: /usr/bin/grep
configure:3439: checking for egrep
configure:3501: result: /usr/bin/grep -E
configure:3506: checking for fgrep
configure:3568: result: /usr/bin/grep -F
configure:3603: checking for ld used by gcc
configure:3670: result: /usr/x86_64-suse-linux/bin/ld
configure:3677: checking if the linker (/usr/x86_64-suse-linux/bin/ld) is GNU ld
configure:3692: result: yes
configure:3704: checking for BSD- or MS-compatible name lister (nm)
configure:3753: result: /usr/bin/nm -B
configure:3883: checking the name lister (/usr/bin/nm -B) interface
configure:3890: gcc -c -g -O2  conftest.c >&5
configure:3893: /usr/bin/nm -B "conftest.o"
configure:3896: output
0000000000000000 B some_variable
configure:3903: result: BSD nm
configure:3906: checking whether ln -s works
configure:3910: result: yes
configure:3918: checking the maximum length of command line arguments
configure:4043: result: 1572864
configure:4060: checking whether the shell understands some XSI constructs
configure:4070: result: yes
configure:4074: checking whether the shell understands "+="
configure:4080: result: yes
configure:4115: checking how to convert x86_64-suse-linux-gnu file names to x86_64-suse-linux-gnu format
configure:4155: result: func_convert_file_noop
configure:4162: checking how to convert x86_64-suse-linux-gnu file names to toolchain format
configure:4182: result: func_convert_file_noop
configure:4189: checking for /usr/x86_64-suse-linux/bin/ld option to reload object files
configure:4196: result: -r
configure:4270: checking for objdump
configure:4286: found /usr/bin/objdump
configure:4297: result: objdump
configure:4329: checking how to recognize dependent libraries
configure:4531: result: pass_all
configure:4616: checking for dlltool
configure:4646: result: no
configure:4676: checking how to associate runtime and link libraries
configure:4703: result: printf %s\n
configure:4764: checking for ar
configure:4780: found /usr/bin/ar
configure:4791: result: ar
configure:4828: checking for archiver @FILE support
configure:4845: gcc -c -g -O2  conftest.c >&5
configure:4845: $? = 0
configure:4848: ar cru libconftest.a @conftest.lst >&5
configure:4851: $? = 0
configure:4856: ar cru libconftest.a @conftest.lst >&5
ar: conftest.o: No such file or directory
configure:4859: $? = 1
configure:4871: result: @
configure:4929: checking for strip
configure:4945: found /usr/bin/strip
configure:4956: result: strip
configure:5028: checking for ranlib
configure:5044: found /usr/bin/ranlib
configure:5055: result: ranlib
configure:5132: checking for gawk
configure:5148: found /usr/bin/gawk
configure:5159: result: gawk
configure:5199: checking command to parse /usr/bin/nm -B output from gcc object
configure:5318: gcc -c -g -O2  conftest.c >&5
configure:5321: $? = 0
configure:5325: /usr/bin/nm -B conftest.o \| sed -n -e 's/^.*[ ]\([ABCDGIRSTW][ABCDGIRSTW]*\)[ ][ ]*\([_A-Za-z][_A-Za-z0-9]*\)$/\1 \2 \2/p' | sed '/ __gnu_lto/d' \> conftest.nm
configure:5328: $? = 0
configure:5394: gcc -o conftest -g -O2   conftest.c conftstm.o >&5
configure:5397: $? = 0
configure:5435: result: ok
configure:5472: checking for sysroot
configure:5502: result: no
configure:5579: gcc -c -g -O2  conftest.c >&5
configure:5582: $? = 0
configure:5745: checking for mt
configure:5761: found /usr/bin/mt
configure:5772: result: mt
configure:5795: checking if mt is a manifest tool
configure:5801: mt '-?'
configure:5809: result: no
configure:6441: checking how to run the C preprocessor
configure:6472: gcc -E  conftest.c
configure:6472: $? = 0
configure:6486: gcc -E  conftest.c
conftest.c:9:28: fatal error: ac_nonexistent.h: No such file or directory
compilation terminated.
configure:6486: $? = 1
configure: failed program was:
| /* confdefs.h */
| #define PACKAGE_NAME ""
| #define PACKAGE_TARNAME ""
| #define PACKAGE_VERSION ""
| #define PACKAGE_STRING ""
| #define PACKAGE_BUGREPORT ""
| #define PACKAGE_URL ""
| /* end confdefs.h.  */
| #include <ac_nonexistent.h>
configure:6511: result: gcc -E
configure:6531: gcc -E  conftest.c
configure:6531: $? = 0
configure:6545: gcc -E  conftest.c
conftest.c:9:28: fatal error: ac_nonexistent.h: No such file or directory
compilation terminated.
configure:6545: $? = 1
configure: failed program was:
| /* confdefs.h */
| #define PACKAGE_NAME ""
| #define PACKAGE_TARNAME ""
| #define PACKAGE_VERSION ""
| #define PACKAGE_STRING ""
| #define PACKAGE_BUGREPORT ""
| #define PACKAGE_URL ""
| /* end confdefs.h.  */
| #include <ac_nonexistent.h>
configure:6574: checking for ANSI C header files
configure:6594: gcc -c -g -O2  conftest.c >&5
configure:6594: $? = 0
configure:6667: gcc -o conftest -g -O2   conftest.c  >&5
configure:6667: $? = 0
configure:6667: ./conftest
configure:6667: $? = 0
configure:6678: result: yes
configure:6691: checking for sys/types.h
configure:6691: gcc -c -g -O2  conftest.c >&5
configure:6691: $? = 0
configure:6691: result: yes
configure:6691: checking for sys/stat.h
configure:6691: gcc -c -g -O2  conftest.c >&5
configure:6691: $? = 0
configure:6691: result: yes
configure:6691: checking for stdlib.h
configure:6691: gcc -c -g -O2  conftest.c >&5
configure:6691: $? = 0
configure:6691: result: yes
configure:6691: checking for string.h
configure:6691: gcc -c -g -O2  conftest.c >&5
configure:6691: $? = 0
configure:6691: result: yes
configure:6691: checking for memory.h
configure:6691: gcc -c -g -O2  conftest.c >&5
configure:6691: $? = 0
configure:6691: result: yes
configure:6691: checking for strings.h
configure:6691: gcc -c -g -O2  conftest.c >&5
configure:6691: $? = 0
configure:6691: result: yes
configure:6691: checking for inttypes.h
configure:6691: gcc -c -g -O2  conftest.c >&5
configure:6691: $? = 0
configure:6691: result: yes
configure:6691: checking for stdint.h
configure:6691: gcc -c -g -O2  conftest.c >&5
configure:6691: $? = 0
configure:6691: result: yes
configure:6691: checking for unistd.h
configure:6691: gcc -c -g -O2  conftest.c >&5
configure:6691: $? = 0
configure:6691: result: yes
configure:6705: checking for dlfcn.h
configure:6705: gcc -c -g -O2  conftest.c >&5
configure:6705: $? = 0
configure:6705: result: yes
configure:6892: checking for objdir
configure:6907: result: .libs
configure:7174: checking if gcc supports -fno-rtti -fno-exceptions
configure:7192: gcc -c -g -O2  -fno-rtti -fno-exceptions conftest.c >&5
cc1: warning: command line option '-fno-rtti' is valid for C++/ObjC++ but not for C [enabled by default]
configure:7196: $? = 0
configure:7209: result: no
configure:7519: checking for gcc option to produce PIC
configure:7526: result: -fPIC -DPIC
configure:7534: checking if gcc PIC flag -fPIC -DPIC works
configure:7552: gcc -c -g -O2  -fPIC -DPIC -DPIC conftest.c >&5
configure:7556: $? = 0
configure:7569: result: yes
configure:7598: checking if gcc static flag -static works
configure:7626: result: no
configure:7641: checking if gcc supports -c -o file.o
configure:7662: gcc -c -g -O2  -o out/conftest2.o conftest.c >&5
configure:7666: $? = 0
configure:7688: result: yes
configure:7696: checking if gcc supports -c -o file.o
configure:7743: result: yes
configure:7776: checking whether the gcc linker (/usr/x86_64-suse-linux/bin/ld -m elf_x86_64) supports shared libraries
configure:8934: result: yes
configure:8971: checking whether -lc should be explicitly linked in
configure:8979: gcc -c -g -O2  conftest.c >&5
configure:8982: $? = 0
configure:8997: gcc -shared  -fPIC -DPIC conftest.o  -v -Wl,-soname -Wl,conftest -o conftest 2\>\&1 \| /usr/bin/grep  -lc  \>/dev/null 2\>\&1
configure:9000: $? = 0
configure:9014: result: no
configure:9179: checking dynamic linker characteristics
configure:9693: gcc -o conftest -g -O2   -Wl,-rpath -Wl,/foo conftest.c  >&5
configure:9693: $? = 0
configure:9915: result: GNU/Linux ld.so
configure:10022: checking how to hardcode library paths into programs
configure:10047: result: immediate
configure:10587: checking whether stripping libraries is possible
configure:10592: result: yes
configure:10627: checking if libtool supports shared libraries
configure:10629: result: yes
configure:10632: checking whether to build shared libraries
configure:10653: result: yes
configure:10656: checking whether to build static libraries
configure:10660: result: yes
configure:10696: checking target system type
configure:10709: result: x86_64-suse-linux-gnu
configure:10751: checking for a BSD-compatible install
configure:10819: result: /usr/bin/install -c
configure:10830: checking whether build environment is sane
configure:10880: result: yes
configure:11021: checking for a thread-safe mkdir -p
configure:11060: result: /bin/mkdir -p
configure:11069: checking whether make sets $(MAKE)
configure:11091: result: yes
configure:11121: checking for style of include used by make
configure:11149: result: GNU
configure:11234: checking dependency style of gcc
configure:11344: result: gcc3
configure:11424: checking for g++
configure:11440: found /usr/bin/g++
configure:11451: result: g++
configure:11478: checking for C++ compiler version
configure:11487: g++ --version >&5
g++ (SUSE Linux) 4.6.2
Copyright (C) 2011 Free Software Foundation, Inc.
This is free software; see the source for copying conditions.  There is NO
warranty; not even for MERCHANTABILITY or FITNESS FOR A PARTICULAR PURPOSE.

configure:11498: $? = 0
configure:11487: g++ -v >&5
Using built-in specs.
COLLECT_GCC=g++
COLLECT_LTO_WRAPPER=/usr/lib64/gcc/x86_64-suse-linux/4.6/lto-wrapper
Target: x86_64-suse-linux
Configured with: ../configure --prefix=/usr --infodir=/usr/share/info --mandir=/usr/share/man --libdir=/usr/lib64 --libexecdir=/usr/lib64 --enable-languages=c,c++,objc,fortran,obj-c++,java,ada --enable-checking=release --with-gxx-include-dir=/usr/include/c++/4.6 --enable-ssp --disable-libssp --disable-plugin --with-bugurl=http://bugs.opensuse.org/ --with-pkgversion='SUSE Linux' --disable-libgcj --disable-libmudflap --with-slibdir=/lib64 --with-system-zlib --enable-__cxa_atexit --enable-libstdcxx-allocator=new --disable-libstdcxx-pch --enable-version-specific-runtime-libs --program-suffix=-4.6 --enable-linux-futex --without-system-libunwind --with-arch-32=i586 --with-tune=generic --build=x86_64-suse-linux
Thread model: posix
gcc version 4.6.2 (SUSE Linux) 
configure:11498: $? = 0
configure:11487: g++ -V >&5
g++: error: unrecognized option '-V'
g++: fatal error: no input files
compilation terminated.
configure:11498: $? = 1
configure:11487: g++ -qversion >&5
g++: error: unrecognized option '-qversion'
g++: fatal error: no input files
compilation terminated.
configure:11498: $? = 1
configure:11502: checking whether we are using the GNU C++ compiler
configure:11521: g++ -c -fuse-cxa-atexit  conftest.cpp >&5
configure:11521: $? = 0
configure:11530: result: yes
configure:11539: checking whether g++ accepts -g
configure:11559: g++ -c -g  conftest.cpp >&5
configure:11559: $? = 0
configure:11600: result: yes
configure:11641: checking how to run the C++ preprocessor
configure:11668: g++ -E  conftest.cpp
configure:11668: $? = 0
configure:11682: g++ -E  conftest.cpp
conftest.cpp:23:28: fatal error: ac_nonexistent.h: No such file or directory
compilation terminated.
configure:11682: $? = 1
configure: failed program was:
| /* confdefs.h */
| #define PACKAGE_NAME ""
| #define PACKAGE_TARNAME ""
| #define PACKAGE_VERSION ""
| #define PACKAGE_STRING ""
| #define PACKAGE_BUGREPORT ""
| #define PACKAGE_URL ""
| #define STDC_HEADERS 1
| #define HAVE_SYS_TYPES_H 1
| #define HAVE_SYS_STAT_H 1
| #define HAVE_STDLIB_H 1
| #define HAVE_STRING_H 1
| #define HAVE_MEMORY_H 1
| #define HAVE_STRINGS_H 1
| #define HAVE_INTTYPES_H 1
| #define HAVE_STDINT_H 1
| #define HAVE_UNISTD_H 1
| #define HAVE_DLFCN_H 1
| #define LT_OBJDIR ".libs/"
| #define PACKAGE "astro"
| #define VERSION "1.0"
| /* end confdefs.h.  */
| #include <ac_nonexistent.h>
configure:11707: result: g++ -E
configure:11727: g++ -E  conftest.cpp
configure:11727: $? = 0
configure:11741: g++ -E  conftest.cpp
conftest.cpp:23:28: fatal error: ac_nonexistent.h: No such file or directory
compilation terminated.
configure:11741: $? = 1
configure: failed program was:
| /* confdefs.h */
| #define PACKAGE_NAME ""
| #define PACKAGE_TARNAME ""
| #define PACKAGE_VERSION ""
| #define PACKAGE_STRING ""
| #define PACKAGE_BUGREPORT ""
| #define PACKAGE_URL ""
| #define STDC_HEADERS 1
| #define HAVE_SYS_TYPES_H 1
| #define HAVE_SYS_STAT_H 1
| #define HAVE_STDLIB_H 1
| #define HAVE_STRING_H 1
| #define HAVE_MEMORY_H 1
| #define HAVE_STRINGS_H 1
| #define HAVE_INTTYPES_H 1
| #define HAVE_STDINT_H 1
| #define HAVE_UNISTD_H 1
| #define HAVE_DLFCN_H 1
| #define LT_OBJDIR ".libs/"
| #define PACKAGE "astro"
| #define VERSION "1.0"
| /* end confdefs.h.  */
| #include <ac_nonexistent.h>
configure:11911: checking for ld used by g++
configure:11978: result: /usr/x86_64-suse-linux/bin/ld -m elf_x86_64
configure:11985: checking if the linker (/usr/x86_64-suse-linux/bin/ld -m elf_x86_64) is GNU ld
configure:12000: result: yes
configure:12055: checking whether the g++ linker (/usr/x86_64-suse-linux/bin/ld -m elf_x86_64) supports shared libraries
configure:13059: result: yes
configure:13094: g++ -c -fuse-cxa-atexit  conftest.cpp >&5
configure:13097: $? = 0
configure:13617: checking for g++ option to produce PIC
configure:13624: result: -fPIC -DPIC
configure:13632: checking if g++ PIC flag -fPIC -DPIC works
configure:13650: g++ -c -fuse-cxa-atexit  -fPIC -DPIC -DPIC conftest.cpp >&5
configure:13654: $? = 0
configure:13667: result: yes
configure:13690: checking if g++ static flag -static works
configure:13718: result: no
configure:13730: checking if g++ supports -c -o file.o
configure:13751: g++ -c -fuse-cxa-atexit  -o out/conftest2.o conftest.cpp >&5
configure:13755: $? = 0
configure:13777: result: yes
configure:13782: checking if g++ supports -c -o file.o
configure:13829: result: yes
configure:13859: checking whether the g++ linker (/usr/x86_64-suse-linux/bin/ld -m elf_x86_64) supports shared libraries
configure:13893: result: yes
configure:14036: checking dynamic linker characteristics
configure:14706: result: GNU/Linux ld.so
configure:14759: checking how to hardcode library paths into programs
configure:14784: result: immediate
configure:14826: checking dependency style of g++
configure:14936: result: gcc3
configure:14999: checking for gcc
configure:15026: result: gcc
configure:15255: checking for C compiler version
configure:15264: gcc --version >&5
gcc (SUSE Linux) 4.6.2
Copyright (C) 2011 Free Software Foundation, Inc.
This is free software; see the source for copying conditions.  There is NO
warranty; not even for MERCHANTABILITY or FITNESS FOR A PARTICULAR PURPOSE.

configure:15275: $? = 0
configure:15264: gcc -v >&5
Using built-in specs.
COLLECT_GCC=gcc
COLLECT_LTO_WRAPPER=/usr/lib64/gcc/x86_64-suse-linux/4.6/lto-wrapper
Target: x86_64-suse-linux
Configured with: ../configure --prefix=/usr --infodir=/usr/share/info --mandir=/usr/share/man --libdir=/usr/lib64 --libexecdir=/usr/lib64 --enable-languages=c,c++,objc,fortran,obj-c++,java,ada --enable-checking=release --with-gxx-include-dir=/usr/include/c++/4.6 --enable-ssp --disable-libssp --disable-plugin --with-bugurl=http://bugs.opensuse.org/ --with-pkgversion='SUSE Linux' --disable-libgcj --disable-libmudflap --with-slibdir=/lib64 --with-system-zlib --enable-__cxa_atexit --enable-libstdcxx-allocator=new --disable-libstdcxx-pch --enable-version-specific-runtime-libs --program-suffix=-4.6 --enable-linux-futex --without-system-libunwind --with-arch-32=i586 --with-tune=generic --build=x86_64-suse-linux
Thread model: posix
gcc version 4.6.2 (SUSE Linux) 
configure:15275: $? = 0
configure:15264: gcc -V >&5
gcc: error: unrecognized option '-V'
gcc: fatal error: no input files
compilation terminated.
configure:15275: $? = 1
configure:15264: gcc -qversion >&5
gcc: error: unrecognized option '-qversion'
gcc: fatal error: no input files
compilation terminated.
configure:15275: $? = 1
configure:15279: checking whether we are using the GNU C compiler
configure:15307: result: yes
configure:15316: checking whether gcc accepts -g
configure:15377: result: yes
configure:15394: checking for gcc option to accept ISO C89
configure:15471: result: none needed
configure:15494: checking for ANSI C header files
configure:15598: result: yes
configure:15609: checking for stdlib.h
configure:15609: result: yes
configure:15609: checking stdio.h usability
configure:15609: gcc -c -g -O2  conftest.c >&5
configure:15609: $? = 0
configure:15609: result: yes
configure:15609: checking stdio.h presence
configure:15609: gcc -E  conftest.c
configure:15609: $? = 0
configure:15609: result: yes
configure:15609: checking for stdio.h
configure:15609: result: yes
configure:15609: checking for unistd.h
configure:15609: result: yes
configure:15609: checking math.h usability
configure:15609: gcc -c -g -O2  conftest.c >&5
configure:15609: $? = 0
configure:15609: result: yes
configure:15609: checking math.h presence
configure:15609: gcc -E  conftest.c
configure:15609: $? = 0
configure:15609: result: yes
configure:15609: checking for math.h
configure:15609: result: yes
configure:15609: checking errno.h usability
configure:15609: gcc -c -g -O2  conftest.c >&5
configure:15609: $? = 0
configure:15609: result: yes
configure:15609: checking errno.h presence
configure:15609: gcc -E  conftest.c
configure:15609: $? = 0
configure:15609: result: yes
configure:15609: checking for errno.h
configure:15609: result: yes
configure:15609: checking for string.h
configure:15609: result: yes
configure:15609: checking stdarg.h usability
configure:15609: gcc -c -g -O2  conftest.c >&5
configure:15609: $? = 0
configure:15609: result: yes
configure:15609: checking stdarg.h presence
configure:15609: gcc -E  conftest.c
configure:15609: $? = 0
configure:15609: result: yes
configure:15609: checking for stdarg.h
configure:15609: result: yes
configure:15609: checking libintl.h usability
configure:15609: gcc -c -g -O2  conftest.c >&5
configure:15609: $? = 0
configure:15609: result: yes
configure:15609: checking libintl.h presence
configure:15609: gcc -E  conftest.c
configure:15609: $? = 0
configure:15609: result: yes
configure:15609: checking for libintl.h
configure:15609: result: yes
configure:15609: checking locale.h usability
configure:15609: gcc -c -g -O2  conftest.c >&5
configure:15609: $? = 0
configure:15609: result: yes
configure:15609: checking locale.h presence
configure:15609: gcc -E  conftest.c
configure:15609: $? = 0
configure:15609: result: yes
configure:15609: checking for locale.h
configure:15609: result: yes
configure:15609: checking syslog.h usability
configure:15609: gcc -c -g -O2  conftest.c >&5
configure:15609: $? = 0
configure:15609: result: yes
configure:15609: checking syslog.h presence
configure:15609: gcc -E  conftest.c
configure:15609: $? = 0
configure:15609: result: yes
configure:15609: checking for syslog.h
configure:15609: result: yes
configure:15609: checking for sys/types.h
configure:15609: result: yes
configure:15609: checking for sys/stat.h
configure:15609: result: yes
configure:15609: checking dirent.h usability
configure:15609: gcc -c -g -O2  conftest.c >&5
configure:15609: $? = 0
configure:15609: result: yes
configure:15609: checking dirent.h presence
configure:15609: gcc -E  conftest.c
configure:15609: $? = 0
configure:15609: result: yes
configure:15609: checking for dirent.h
configure:15609: result: yes
configure:15609: checking fnctl.h usability
configure:15609: gcc -c -g -O2  conftest.c >&5
conftest.c:70:19: fatal error: fnctl.h: No such file or directory
compilation terminated.
configure:15609: $? = 1
configure: failed program was:
| /* confdefs.h */
| #define PACKAGE_NAME ""
| #define PACKAGE_TARNAME ""
| #define PACKAGE_VERSION ""
| #define PACKAGE_STRING ""
| #define PACKAGE_BUGREPORT ""
| #define PACKAGE_URL ""
| #define STDC_HEADERS 1
| #define HAVE_SYS_TYPES_H 1
| #define HAVE_SYS_STAT_H 1
| #define HAVE_STDLIB_H 1
| #define HAVE_STRING_H 1
| #define HAVE_MEMORY_H 1
| #define HAVE_STRINGS_H 1
| #define HAVE_INTTYPES_H 1
| #define HAVE_STDINT_H 1
| #define HAVE_UNISTD_H 1
| #define HAVE_DLFCN_H 1
| #define LT_OBJDIR ".libs/"
| #define PACKAGE "astro"
| #define VERSION "1.0"
| #define STDC_HEADERS 1
| #define HAVE_STDLIB_H 1
| #define HAVE_STDIO_H 1
| #define HAVE_UNISTD_H 1
| #define HAVE_MATH_H 1
| #define HAVE_ERRNO_H 1
| #define HAVE_STRING_H 1
| #define HAVE_STDARG_H 1
| #define HAVE_LIBINTL_H 1
| #define HAVE_LOCALE_H 1
| #define HAVE_SYSLOG_H 1
| #define HAVE_SYS_TYPES_H 1
| #define HAVE_SYS_STAT_H 1
| #define HAVE_DIRENT_H 1
| /* end confdefs.h.  */
| #include <stdio.h>
| #ifdef HAVE_SYS_TYPES_H
| # include <sys/types.h>
| #endif
| #ifdef HAVE_SYS_STAT_H
| # include <sys/stat.h>
| #endif
| #ifdef STDC_HEADERS
| # include <stdlib.h>
| # include <stddef.h>
| #else
| # ifdef HAVE_STDLIB_H
| #  include <stdlib.h>
| # endif
| #endif
| #ifdef HAVE_STRING_H
| # if !defined STDC_HEADERS && defined HAVE_MEMORY_H
| #  include <memory.h>
| # endif
| # include <string.h>
| #endif
| #ifdef HAVE_STRINGS_H
| # include <strings.h>
| #endif
| #ifdef HAVE_INTTYPES_H
| # include <inttypes.h>
| #endif
| #ifdef HAVE_STDINT_H
| # include <stdint.h>
| #endif
| #ifdef HAVE_UNISTD_H
| # include <unistd.h>
| #endif
| #include <fnctl.h>
configure:15609: result: no
configure:15609: checking fnctl.h presence
configure:15609: gcc -E  conftest.c
conftest.c:37:19: fatal error: fnctl.h: No such file or directory
compilation terminated.
configure:15609: $? = 1
configure: failed program was:
| /* confdefs.h */
| #define PACKAGE_NAME ""
| #define PACKAGE_TARNAME ""
| #define PACKAGE_VERSION ""
| #define PACKAGE_STRING ""
| #define PACKAGE_BUGREPORT ""
| #define PACKAGE_URL ""
| #define STDC_HEADERS 1
| #define HAVE_SYS_TYPES_H 1
| #define HAVE_SYS_STAT_H 1
| #define HAVE_STDLIB_H 1
| #define HAVE_STRING_H 1
| #define HAVE_MEMORY_H 1
| #define HAVE_STRINGS_H 1
| #define HAVE_INTTYPES_H 1
| #define HAVE_STDINT_H 1
| #define HAVE_UNISTD_H 1
| #define HAVE_DLFCN_H 1
| #define LT_OBJDIR ".libs/"
| #define PACKAGE "astro"
| #define VERSION "1.0"
| #define STDC_HEADERS 1
| #define HAVE_STDLIB_H 1
| #define HAVE_STDIO_H 1
| #define HAVE_UNISTD_H 1
| #define HAVE_MATH_H 1
| #define HAVE_ERRNO_H 1
| #define HAVE_STRING_H 1
| #define HAVE_STDARG_H 1
| #define HAVE_LIBINTL_H 1
| #define HAVE_LOCALE_H 1
| #define HAVE_SYSLOG_H 1
| #define HAVE_SYS_TYPES_H 1
| #define HAVE_SYS_STAT_H 1
| #define HAVE_DIRENT_H 1
| /* end confdefs.h.  */
| #include <fnctl.h>
configure:15609: result: no
configure:15609: checking for fnctl.h
configure:15609: result: no
configure:15609: checking for dlfcn.h
configure:15609: result: yes
configure:15621: checking for an ANSI C-conforming const
configure:15686: gcc -c -g -O2  conftest.c >&5
configure:15686: $? = 0
configure:15693: result: yes
configure:15706: checking for memset
configure:15706: gcc -o conftest -g -O2   conftest.c  >&5
conftest.c:61:6: warning: conflicting types for built-in function 'memset' [enabled by default]
configure:15706: $? = 0
configure:15706: result: yes
configure:15706: checking for strdup
configure:15706: gcc -o conftest -g -O2   conftest.c  >&5
conftest.c:62:6: warning: conflicting types for built-in function 'strdup' [enabled by default]
configure:15706: $? = 0
configure:15706: result: yes
configure:15706: checking for strerror
configure:15706: gcc -o conftest -g -O2   conftest.c  >&5
configure:15706: $? = 0
configure:15706: result: yes
configure:15706: checking for trunc
configure:15706: gcc -o conftest -g -O2   conftest.c  >&5
conftest.c:64:6: warning: conflicting types for built-in function 'trunc' [enabled by default]
/tmp/cc31wcD7.o: In function `main':
/home/afm/Projects/Astro/AstroPhotography/control/conftest.c:75: undefined reference to `trunc'
collect2: ld returned 1 exit status
configure:15706: $? = 1
configure: failed program was:
| /* confdefs.h */
| #define PACKAGE_NAME ""
| #define PACKAGE_TARNAME ""
| #define PACKAGE_VERSION ""
| #define PACKAGE_STRING ""
| #define PACKAGE_BUGREPORT ""
| #define PACKAGE_URL ""
| #define STDC_HEADERS 1
| #define HAVE_SYS_TYPES_H 1
| #define HAVE_SYS_STAT_H 1
| #define HAVE_STDLIB_H 1
| #define HAVE_STRING_H 1
| #define HAVE_MEMORY_H 1
| #define HAVE_STRINGS_H 1
| #define HAVE_INTTYPES_H 1
| #define HAVE_STDINT_H 1
| #define HAVE_UNISTD_H 1
| #define HAVE_DLFCN_H 1
| #define LT_OBJDIR ".libs/"
| #define PACKAGE "astro"
| #define VERSION "1.0"
| #define STDC_HEADERS 1
| #define HAVE_STDLIB_H 1
| #define HAVE_STDIO_H 1
| #define HAVE_UNISTD_H 1
| #define HAVE_MATH_H 1
| #define HAVE_ERRNO_H 1
| #define HAVE_STRING_H 1
| #define HAVE_STDARG_H 1
| #define HAVE_LIBINTL_H 1
| #define HAVE_LOCALE_H 1
| #define HAVE_SYSLOG_H 1
| #define HAVE_SYS_TYPES_H 1
| #define HAVE_SYS_STAT_H 1
| #define HAVE_DIRENT_H 1
| #define HAVE_DLFCN_H 1
| #define HAVE_MEMSET 1
| #define HAVE_STRDUP 1
| #define HAVE_STRERROR 1
| /* end confdefs.h.  */
| /* Define trunc to an innocuous variant, in case <limits.h> declares trunc.
|    For example, HP-UX 11i <limits.h> declares gettimeofday.  */
| #define trunc innocuous_trunc
| 
| /* System header to define __stub macros and hopefully few prototypes,
|     which can conflict with char trunc (); below.
|     Prefer <limits.h> to <assert.h> if __STDC__ is defined, since
|     <limits.h> exists even on freestanding compilers.  */
| 
| #ifdef __STDC__
| # include <limits.h>
| #else
| # include <assert.h>
| #endif
| 
| #undef trunc
| 
| /* Override any GCC internal prototype to avoid an error.
|    Use char because int might match the return type of a GCC
|    builtin and then its argument prototype would still apply.  */
| #ifdef __cplusplus
| extern "C"
| #endif
| char trunc ();
| /* The GNU C library defines this for functions which it implements
|     to always fail with ENOSYS.  Some functions are actually named
|     something starting with __ and the normal name is an alias.  */
| #if defined __stub_trunc || defined __stub___trunc
| choke me
| #endif
| 
| int
| main ()
| {
| return trunc ();
|   ;
|   return 0;
| }
configure:15706: result: no
configure:15717: checking for stdlib.h
configure:15717: result: yes
configure:15727: checking for GNU libc compatible malloc
configure:15751: gcc -o conftest -g -O2   conftest.c  >&5
configure:15751: $? = 0
configure:15751: ./conftest
configure:15751: $? = 0
configure:15761: result: yes
configure:15784: checking for stdlib.h
configure:15784: result: yes
configure:15794: checking for GNU libc compatible realloc
configure:15818: gcc -o conftest -g -O2   conftest.c  >&5
configure:15818: $? = 0
configure:15818: ./conftest
configure:15818: $? = 0
configure:15828: result: yes
configure:15997: creating ./config.status

## ---------------- ##
## Cache variables. ##
## ---------------- ##

ac_cv_build=x86_64-suse-linux-gnu
ac_cv_c_compiler_gnu=yes
ac_cv_c_const=yes
ac_cv_cxx_compiler_gnu=yes
ac_cv_env_CCC_set=
ac_cv_env_CCC_value=
ac_cv_env_CC_set=
ac_cv_env_CC_value=
ac_cv_env_CFLAGS_set=
ac_cv_env_CFLAGS_value=
ac_cv_env_CPPFLAGS_set=
ac_cv_env_CPPFLAGS_value=
ac_cv_env_CPP_set=
ac_cv_env_CPP_value=
ac_cv_env_CXXCPP_set=
ac_cv_env_CXXCPP_value=
ac_cv_env_CXXFLAGS_set=set
ac_cv_env_CXXFLAGS_value=-fuse-cxa-atexit
ac_cv_env_CXX_set=
ac_cv_env_CXX_value=
ac_cv_env_LDFLAGS_set=
ac_cv_env_LDFLAGS_value=
ac_cv_env_LIBS_set=
ac_cv_env_LIBS_value=
ac_cv_env_build_alias_set=
ac_cv_env_build_alias_value=
ac_cv_env_host_alias_set=
ac_cv_env_host_alias_value=
ac_cv_env_target_alias_set=
ac_cv_env_target_alias_value=
ac_cv_func_malloc_0_nonnull=yes
ac_cv_func_memset=yes
ac_cv_func_realloc_0_nonnull=yes
ac_cv_func_strdup=yes
ac_cv_func_strerror=yes
ac_cv_func_trunc=no
ac_cv_header_dirent_h=yes
ac_cv_header_dlfcn_h=yes
ac_cv_header_errno_h=yes
ac_cv_header_fnctl_h=no
ac_cv_header_inttypes_h=yes
ac_cv_header_libintl_h=yes
ac_cv_header_locale_h=yes
ac_cv_header_math_h=yes
ac_cv_header_memory_h=yes
ac_cv_header_stdarg_h=yes
ac_cv_header_stdc=yes
ac_cv_header_stdint_h=yes
ac_cv_header_stdio_h=yes
ac_cv_header_stdlib_h=yes
ac_cv_header_string_h=yes
ac_cv_header_strings_h=yes
ac_cv_header_sys_stat_h=yes
ac_cv_header_sys_types_h=yes
ac_cv_header_syslog_h=yes
ac_cv_header_unistd_h=yes
ac_cv_host=x86_64-suse-linux-gnu
ac_cv_objext=o
ac_cv_path_EGREP='/usr/bin/grep -E'
ac_cv_path_FGREP='/usr/bin/grep -F'
ac_cv_path_GREP=/usr/bin/grep
ac_cv_path_SED=/usr/bin/sed
ac_cv_path_install='/usr/bin/install -c'
ac_cv_path_mkdir=/bin/mkdir
ac_cv_prog_AWK=gawk
ac_cv_prog_CPP='gcc -E'
ac_cv_prog_CXXCPP='g++ -E'
ac_cv_prog_ac_ct_AR=ar
ac_cv_prog_ac_ct_CC=gcc
ac_cv_prog_ac_ct_CXX=g++
ac_cv_prog_ac_ct_MANIFEST_TOOL=mt
ac_cv_prog_ac_ct_OBJDUMP=objdump
ac_cv_prog_ac_ct_RANLIB=ranlib
ac_cv_prog_ac_ct_STRIP=strip
ac_cv_prog_cc_c89=
ac_cv_prog_cc_g=yes
ac_cv_prog_cxx_g=yes
ac_cv_prog_make_make_set=yes
ac_cv_target=x86_64-suse-linux-gnu
am_cv_CC_dependencies_compiler_type=gcc3
am_cv_CXX_dependencies_compiler_type=gcc3
lt_cv_ar_at_file=@
lt_cv_archive_cmds_need_lc=no
lt_cv_deplibs_check_method=pass_all
lt_cv_file_magic_cmd='$MAGIC_CMD'
lt_cv_file_magic_test_file=
lt_cv_ld_reload_flag=-r
lt_cv_nm_interface='BSD nm'
lt_cv_objdir=.libs
lt_cv_path_LD=/usr/x86_64-suse-linux/bin/ld
lt_cv_path_LDCXX='/usr/x86_64-suse-linux/bin/ld -m elf_x86_64'
lt_cv_path_NM='/usr/bin/nm -B'
lt_cv_path_mainfest_tool=no
lt_cv_prog_compiler_c_o=yes
lt_cv_prog_compiler_c_o_CXX=yes
lt_cv_prog_compiler_pic='-fPIC -DPIC'
lt_cv_prog_compiler_pic_CXX='-fPIC -DPIC'
lt_cv_prog_compiler_pic_works=yes
lt_cv_prog_compiler_pic_works_CXX=yes
lt_cv_prog_compiler_rtti_exceptions=no
lt_cv_prog_compiler_static_works=no
lt_cv_prog_compiler_static_works_CXX=no
lt_cv_prog_gnu_ld=yes
lt_cv_prog_gnu_ldcxx=yes
lt_cv_sharedlib_from_linklib_cmd='printf %s\n'
lt_cv_shlibpath_overrides_runpath=yes
lt_cv_sys_global_symbol_pipe='sed -n -e '\''s/^.*[	 ]\([ABCDGIRSTW][ABCDGIRSTW]*\)[	 ][	 ]*\([_A-Za-z][_A-Za-z0-9]*\)$/\1 \2 \2/p'\'' | sed '\''/ __gnu_lto/d'\'''
lt_cv_sys_global_symbol_to_c_name_address='sed -n -e '\''s/^: \([^ ]*\)[ ]*$/  {\"\1\", (void *) 0},/p'\'' -e '\''s/^[ABCDGIRSTW]* \([^ ]*\) \([^ ]*\)$/  {"\2", (void *) \&\2},/p'\'''
lt_cv_sys_global_symbol_to_c_name_address_lib_prefix='sed -n -e '\''s/^: \([^ ]*\)[ ]*$/  {\"\1\", (void *) 0},/p'\'' -e '\''s/^[ABCDGIRSTW]* \([^ ]*\) \(lib[^ ]*\)$/  {"\2", (void *) \&\2},/p'\'' -e '\''s/^[ABCDGIRSTW]* \([^ ]*\) \([^ ]*\)$/  {"lib\2", (void *) \&\2},/p'\'''
lt_cv_sys_global_symbol_to_cdecl='sed -n -e '\''s/^T .* \(.*\)$/extern int \1();/p'\'' -e '\''s/^[ABCDGIRSTW]* .* \(.*\)$/extern char \1;/p'\'''
lt_cv_sys_max_cmd_len=1572864
lt_cv_to_host_file_cmd=func_convert_file_noop
lt_cv_to_tool_file_cmd=func_convert_file_noop

## ----------------- ##
## Output variables. ##
## ----------------- ##

ACLOCAL='${SHELL} /home/afm/Projects/Astro/AstroPhotography/control/missing --run aclocal-1.11'
AMDEPBACKSLASH='\'
AMDEP_FALSE='#'
AMDEP_TRUE=''
AMTAR='${SHELL} /home/afm/Projects/Astro/AstroPhotography/control/missing --run tar'
AR='ar'
AUTOCONF='${SHELL} /home/afm/Projects/Astro/AstroPhotography/control/missing --run autoconf'
AUTOHEADER='${SHELL} /home/afm/Projects/Astro/AstroPhotography/control/missing --run autoheader'
AUTOMAKE='${SHELL} /home/afm/Projects/Astro/AstroPhotography/control/missing --run automake-1.11'
AWK='gawk'
CC='gcc'
CCDEPMODE='depmode=gcc3'
CFLAGS='-g -O2'
CPP='gcc -E'
CPPFLAGS=''
CXX='g++'
CXXCPP='g++ -E'
CXXDEPMODE='depmode=gcc3'
CXXFLAGS='-fuse-cxa-atexit'
CYGPATH_W='echo'
DEFS='-DHAVE_CONFIG_H'
DEPDIR='.deps'
DLLTOOL='false'
DSYMUTIL=''
DUMPBIN=''
ECHO_C=''
ECHO_N='-n'
ECHO_T=''
EGREP='/usr/bin/grep -E'
EXEEXT=''
FGREP='/usr/bin/grep -F'
GREP='/usr/bin/grep'
INSTALL_DATA='${INSTALL} -m 644'
INSTALL_PROGRAM='${INSTALL}'
INSTALL_SCRIPT='${INSTALL}'
INSTALL_STRIP_PROGRAM='$(install_sh) -c -s'
LD='/usr/x86_64-suse-linux/bin/ld -m elf_x86_64'
LDFLAGS=''
LIBOBJS=''
LIBS=''
LIBTOOL='$(SHELL) $(top_builddir)/libtool'
LIPO=''
LN_S='ln -s'
LTLIBOBJS=''
MAKEINFO='${SHELL} /home/afm/Projects/Astro/AstroPhotography/control/missing --run makeinfo'
MANIFEST_TOOL=':'
MKDIR_P='/bin/mkdir -p'
NM='/usr/bin/nm -B'
NMEDIT=''
OBJDUMP='objdump'
OBJEXT='o'
OTOOL64=''
OTOOL=''
PACKAGE='astro'
PACKAGE_BUGREPORT=''
PACKAGE_NAME=''
PACKAGE_STRING=''
PACKAGE_TARNAME=''
PACKAGE_URL=''
PACKAGE_VERSION=''
PATH_SEPARATOR=':'
RANLIB='ranlib'
SED='/usr/bin/sed'
SET_MAKE=''
SHELL='/bin/sh'
SHLIB_EXT='so'
STRIP='strip'
VERSION='1.0'
ac_ct_AR='ar'
ac_ct_CC='gcc'
ac_ct_CXX='g++'
ac_ct_DUMPBIN=''
am__EXEEXT_FALSE=''
am__EXEEXT_TRUE='#'
am__fastdepCC_FALSE='#'
am__fastdepCC_TRUE=''
am__fastdepCXX_FALSE='#'
am__fastdepCXX_TRUE=''
am__include='include'
am__isrc=''
am__leading_dot='.'
am__quote=''
am__tar='${AMTAR} chof - "$$tardir"'
am__untar='${AMTAR} xf -'
bindir='${exec_prefix}/bin'
build='x86_64-suse-linux-gnu'
build_alias=''
build_cpu='x86_64'
build_os='linux-gnu'
build_vendor='suse'
datadir='${datarootdir}'
datarootdir='${prefix}/share'
docdir='${datarootdir}/doc/${PACKAGE}'
dvidir='${docdir}'
exec_prefix='${prefix}'
host='x86_64-suse-linux-gnu'
host_alias=''
host_cpu='x86_64'
host_os='linux-gnu'
host_vendor='suse'
htmldir='${docdir}'
includedir='${prefix}/include'
infodir='${datarootdir}/info'
install_sh='${SHELL} /home/afm/Projects/Astro/AstroPhotography/control/install-sh'
libdir='${exec_prefix}/lib64'
libexecdir='${exec_prefix}/lib'
localedir='${datarootdir}/locale'
localstatedir='${prefix}/var'
mandir='${datarootdir}/man'
mkdir_p='/bin/mkdir -p'
oldincludedir='/usr/include'
pdfdir='${docdir}'
prefix='/home/afm/Projects/Astro/camera2/root'
program_transform_name='s,x,x,'
psdir='${docdir}'
sbindir='${exec_prefix}/sbin'
sharedstatedir='${prefix}/com'
sysconfdir='${prefix}/etc'
target='x86_64-suse-linux-gnu'
target_alias=''
target_cpu='x86_64'
target_os='linux-gnu'
target_vendor='suse'

## ----------- ##
## confdefs.h. ##
## ----------- ##

/* confdefs.h */
#define PACKAGE_NAME ""
#define PACKAGE_TARNAME ""
#define PACKAGE_VERSION ""
#define PACKAGE_STRING ""
#define PACKAGE_BUGREPORT ""
#define PACKAGE_URL ""
#define STDC_HEADERS 1
#define HAVE_SYS_TYPES_H 1
#define HAVE_SYS_STAT_H 1
#define HAVE_STDLIB_H 1
#define HAVE_STRING_H 1
#define HAVE_MEMORY_H 1
#define HAVE_STRINGS_H 1
#define HAVE_INTTYPES_H 1
#define HAVE_STDINT_H 1
#define HAVE_UNISTD_H 1
#define HAVE_DLFCN_H 1
#define LT_OBJDIR ".libs/"
#define PACKAGE "astro"
#define VERSION "1.0"
#define STDC_HEADERS 1
#define HAVE_STDLIB_H 1
#define HAVE_STDIO_H 1
#define HAVE_UNISTD_H 1
#define HAVE_MATH_H 1
#define HAVE_ERRNO_H 1
#define HAVE_STRING_H 1
#define HAVE_STDARG_H 1
#define HAVE_LIBINTL_H 1
#define HAVE_LOCALE_H 1
#define HAVE_SYSLOG_H 1
#define HAVE_SYS_TYPES_H 1
#define HAVE_SYS_STAT_H 1
#define HAVE_DIRENT_H 1
#define HAVE_DLFCN_H 1
#define HAVE_MEMSET 1
#define HAVE_STRDUP 1
#define HAVE_STRERROR 1
#define HAVE_STDLIB_H 1
#define HAVE_MALLOC 1
#define HAVE_STDLIB_H 1
#define HAVE_REALLOC 1

configure: exit 0

## ---------------------- ##
## Running config.status. ##
## ---------------------- ##

This file was extended by config.status, which was
generated by GNU Autoconf 2.68.  Invocation command line was

  CONFIG_FILES    = 
  CONFIG_HEADERS  = 
  CONFIG_LINKS    = 
  CONFIG_COMMANDS = 
  $ ./config.status 

on titus

config.status:1186: creating Makefile
config.status:1186: creating include/Makefile
config.status:1186: creating lib/Makefile
config.status:1186: creating lib/test/Makefile
config.status:1186: creating drivers/Makefile
config.status:1186: creating drivers/mock1/Makefile
config.status:1186: creating drivers/mock2/Makefile
config.status:1186: creating doc/Makefile
config.status:1186: creating test/Makefile
config.status:1186: creating include/config.h
config.status:1367: include/config.h is unchanged
config.status:1415: executing libtool commands
config.status:1415: executing depfiles commands

## ---------------------- ##
## Running config.status. ##
## ---------------------- ##

This file was extended by config.status, which was
generated by GNU Autoconf 2.68.  Invocation command line was

  CONFIG_FILES    = 
  CONFIG_HEADERS  = 
  CONFIG_LINKS    = 
  CONFIG_COMMANDS = 
  $ ./config.status include/config.h

on titus

config.status:1186: creating include/config.h
config.status:1367: include/config.h is unchanged
